\BOOKMARK [1][-]{section.1}{Einf\374hrung}{}% 1
\BOOKMARK [2][-]{subsection.1.1}{Ziele}{section.1}% 2
\BOOKMARK [2][-]{subsection.1.2}{Voraussetzungen}{section.1}% 3
\BOOKMARK [2][-]{subsection.1.3}{Aufgabenstellung}{section.1}% 4
\BOOKMARK [3][-]{subsubsection.1.3.1}{Basics}{subsection.1.3}% 5
\BOOKMARK [3][-]{subsubsection.1.3.2}{Selbstst\344ndige zu l\366sende Aufgaben}{subsection.1.3}% 6
\BOOKMARK [1][-]{section.2}{Ergebnisse}{}% 7
\BOOKMARK [2][-]{subsection.2.1}{Theorie}{section.2}% 8
\BOOKMARK [3][-]{subsubsection.2.1.1}{iSCSI}{subsection.2.1}% 9
\BOOKMARK [3][-]{subsubsection.2.1.2}{OCFS2}{subsection.2.1}% 10
\BOOKMARK [2][-]{subsection.2.2}{iSCSI Initiator}{section.2}% 11
\BOOKMARK [3][-]{subsubsection.2.2.1}{Basics}{subsection.2.2}% 12
\BOOKMARK [3][-]{subsubsection.2.2.2}{iSCSI Verbindung beim Booten}{subsection.2.2}% 13
\BOOKMARK [2][-]{subsection.2.3}{OCFS2}{section.2}% 14
\BOOKMARK [3][-]{subsubsection.2.3.1}{Installation}{subsection.2.3}% 15
\BOOKMARK [3][-]{subsubsection.2.3.2}{Konfiguration}{subsection.2.3}% 16
\BOOKMARK [3][-]{subsubsection.2.3.3}{Starten des Clusters}{subsection.2.3}% 17
\BOOKMARK [3][-]{subsubsection.2.3.4}{Formatieren des Volumes}{subsection.2.3}% 18
\BOOKMARK [3][-]{subsubsection.2.3.5}{Einh\344ngen des Volumes}{subsection.2.3}% 19
\BOOKMARK [2][-]{subsection.2.4}{Testing}{section.2}% 20
